<?xml version="1.0" encoding="UTF-8"?>
<!-- Generated by org.testng.reporters.JUnitXMLReporter -->
<testsuite ignored="0" hostname="DESKTOP-AELALK6" failures="0" tests="3" name="Test2" time="86.353" errors="0" timestamp="2023-03-05T22:12:21 IST">
  <testcase classname="testcases.LoginTest" name="LogiFailureTest" time="16.02"/>
  <testcase classname="testcases.LoginTest" name="LoginSuccessTest" time="17.605"/>
  <testcase classname="testcases.LoginTest" name="paramTest" time="18.391"/>
</testsuite> <!-- Test2 -->
