<?xml version="1.0" encoding="UTF-8"?>
<!-- Generated by org.testng.reporters.JUnitXMLReporter -->
<testsuite ignored="0" hostname="DESKTOP-AELALK6" failures="0" tests="4" name="Test1" time="127.778" errors="0" timestamp="2023-03-05T22:29:12 IST">
  <testcase classname="testcases.LoginTest" name="LogiFailureTest" time="19.724"/>
  <testcase classname="testcases.LoginTest" name="LoginSuccessTest" time="18.144"/>
  <testcase classname="testcases.LoginTest" name="excelTestData" time="17.52"/>
  <testcase classname="testcases.LoginTest" name="paramTest" time="16.753"/>
</testsuite> <!-- Test1 -->
