<?xml version="1.0" encoding="UTF-8"?>
<!-- Generated by org.testng.reporters.JUnitXMLReporter -->
<testsuite ignored="0" hostname="DESKTOP-331VII8" failures="0" tests="4" name="Test1" time="101.014" errors="0" timestamp="2023-03-25T20:12:11 IST">
  <testcase classname="testcases.LoginTest" name="LogiFailureTest" time="20.165"/>
  <testcase classname="testcases.LoginTest" name="LoginSuccessTest" time="17.205"/>
  <testcase classname="testcases.LoginTest" name="excelTestData" time="16.971"/>
  <testcase classname="testcases.LoginTest" name="paramTest" time="16.153"/>
</testsuite> <!-- Test1 -->
