<?xml version="1.0" encoding="UTF-8"?>
<testsuite xmlns:xsi="http://www.w3.org/2001/XMLSchema-instance" xsi:noNamespaceSchemaLocation="https://maven.apache.org/surefire/maven-surefire-plugin/xsd/surefire-test-report-3.0.xsd" version="3.0" name="TestSuite" time="101.679" tests="4" errors="0" skipped="0" failures="0">
  <properties>
[...]
</properties>
  <testcase name="LogiFailureTest" classname="testcases.LoginTest" time="20.163">
    <system-out><![CDATA[The email or password you have entered is invalid.
]]></system-out>
    <system-err><![CDATA[SLF4J: Failed to load class "org.slf4j.impl.StaticLoggerBinder".
SLF4J: Defaulting to no-operation (NOP) logger implementation
SLF4J: See http://www.slf4j.org/codes.html#StaticLoggerBinder for further details.
1679755231972	geckodriver	INFO	Listening on 127.0.0.1:24717
1679755232291	mozrunner::runner	INFO	Running command: "C:\\Program Files\\Mozilla Firefox\\firefox.exe" "--marionette" "-no-remote" "-profile" "C:\\Users\\dell\\AppData\\Local\\Temp\\rust_mozprofileiDxHKa"
console.warn: services.settings: Ignoring preference override of remote settings server
console.warn: services.settings: Allow by setting MOZ_REMOTE_SETTINGS_DEVTOOLS=1 in the environment
1679755233127	Marionette	INFO	Marionette enabled
Dynamically enable window occlusion 0
1679755233136	Marionette	INFO	Listening on port 52876
Read port: 52876
1679755233892	RemoteAgent	WARN	TLS certificate errors will be ignored for this session
console.warn: SearchSettings: "get: No settings file exists, new profile?" (new NotFoundError("Could not open the file at C:\\Users\\dell\\AppData\\Local\\Temp\\rust_mozprofileiDxHKa\\search.json.mozlz4", (void 0)))
Mar 25, 2023 8:10:36 PM org.openqa.selenium.remote.ProtocolHandshake createSession
INFO: Detected dialect: W3C
1679755246243	Marionette	WARN	Ignoring event 'pageshow' because document has an invalid readyState of 'interactive'.
JavaScript warning: https://cdn-jp.gsecondscreen.com/static/tac.min.js, line 3: unreachable code after return statement
1679755247780	Marionette	WARN	Ignoring event 'DOMContentLoaded' because document has an invalid readyState of 'complete'.
JavaScript warning: https://accounts.simplilearn.com/user/login?redirect_url=https%3A%2F%2Flms.simplilearn.com%2F, line 748: unreachable code after return statement
1679755251067	Marionette	WARN	Ignoring event 'pageshow' because document has an invalid readyState of 'interactive'.
JavaScript error: https://cfaccounts.simplicdn.net/core/js/utility.1660046122.js, line 71: SyntaxError: JSON.parse: unexpected character at line 1 column 1 of the JSON data
console.warn: LoginRecipes: "Falling back to a synchronous message for: https://accounts.simplilearn.com."
console.warn: LoginRecipes: "Falling back to a synchronous message for: https://accounts.simplilearn.com."
JavaScript warning: https://accounts.simplilearn.com/user/login?redirect_url=https%3A%2F%2Flms.simplilearn.com%2F, line 748: unreachable code after return statement
1679755258097	Marionette	WARN	Ignoring event 'pageshow' because document has an invalid readyState of 'interactive'.
JavaScript error: https://cfaccounts.simplicdn.net/core/js/utility.1660046122.js, line 71: SyntaxError: JSON.parse: unexpected character at line 1 column 1 of the JSON data
]]></system-err>
  </testcase>
  <testcase name="LoginSuccessTest" classname="testcases.LoginTest" time="17.206">
    <system-err><![CDATA[1679755259860	Marionette	INFO	Stopped listening on port 52876
Dynamically enable window occlusion 1
1679755261191	geckodriver	INFO	Listening on 127.0.0.1:52883
1679755261216	mozrunner::runner	INFO	Running command: "C:\\Program Files\\Mozilla Firefox\\firefox.exe" "--marionette" "-no-remote" "-profile" "C:\\Users\\dell\\AppData\\Local\\Temp\\rust_mozprofileRzxCIy"
console.warn: services.settings: Ignoring preference override of remote settings server
console.warn: services.settings: Allow by setting MOZ_REMOTE_SETTINGS_DEVTOOLS=1 in the environment
1679755261811	Marionette	INFO	Marionette enabled
Dynamically enable window occlusion 0
1679755261818	Marionette	INFO	Listening on port 53101
Read port: 53101
1679755262411	RemoteAgent	WARN	TLS certificate errors will be ignored for this session
console.warn: SearchSettings: "get: No settings file exists, new profile?" (new NotFoundError("Could not open the file at C:\\Users\\dell\\AppData\\Local\\Temp\\rust_mozprofileRzxCIy\\search.json.mozlz4", (void 0)))
Mar 25, 2023 8:11:04 PM org.openqa.selenium.remote.ProtocolHandshake createSession
INFO: Detected dialect: W3C
1679755274094	Marionette	WARN	Ignoring event 'pageshow' because document has an invalid readyState of 'interactive'.
JavaScript warning: https://cdn-jp.gsecondscreen.com/static/tac.min.js, line 3: unreachable code after return statement
1679755275462	Marionette	WARN	Ignoring event 'DOMContentLoaded' because document has an invalid readyState of 'complete'.
JavaScript warning: https://accounts.simplilearn.com/user/login?redirect_url=https%3A%2F%2Flms.simplilearn.com%2F, line 748: unreachable code after return statement
1679755278587	Marionette	WARN	Ignoring event 'pageshow' because document has an invalid readyState of 'interactive'.
JavaScript error: https://cfaccounts.simplicdn.net/core/js/utility.1660046122.js, line 71: SyntaxError: JSON.parse: unexpected character at line 1 column 1 of the JSON data
console.warn: LoginRecipes: "Falling back to a synchronous message for: https://accounts.simplilearn.com."
console.warn: LoginRecipes: "Falling back to a synchronous message for: https://accounts.simplilearn.com."
JavaScript warning: https://accounts.simplilearn.com/user/login?redirect_url=https%3A%2F%2Flms.simplilearn.com%2F, line 748: unreachable code after return statement
1679755283476	Marionette	WARN	Ignoring event 'pageshow' because document has an invalid readyState of 'interactive'.
JavaScript error: https://cfaccounts.simplicdn.net/core/js/utility.1660046122.js, line 71: SyntaxError: JSON.parse: unexpected character at line 1 column 1 of the JSON data
]]></system-err>
  </testcase>
  <testcase name="excelTestData" classname="testcases.LoginTest" time="16.973">
    <system-err><![CDATA[1679755284933	Marionette	INFO	Stopped listening on port 53101
Dynamically enable window occlusion 1
1679755286050	geckodriver	INFO	Listening on 127.0.0.1:43902
1679755286070	mozrunner::runner	INFO	Running command: "C:\\Program Files\\Mozilla Firefox\\firefox.exe" "--marionette" "-no-remote" "-profile" "C:\\Users\\dell\\AppData\\Local\\Temp\\rust_mozprofileRXqQmb"
console.warn: services.settings: Ignoring preference override of remote settings server
console.warn: services.settings: Allow by setting MOZ_REMOTE_SETTINGS_DEVTOOLS=1 in the environment
1679755286514	Marionette	INFO	Marionette enabled
Dynamically enable window occlusion 0
1679755286520	Marionette	INFO	Listening on port 53255
Read port: 53255
1679755286957	RemoteAgent	WARN	TLS certificate errors will be ignored for this session
console.warn: SearchSettings: "get: No settings file exists, new profile?" (new NotFoundError("Could not open the file at C:\\Users\\dell\\AppData\\Local\\Temp\\rust_mozprofileRXqQmb\\search.json.mozlz4", (void 0)))
Mar 25, 2023 8:11:28 PM org.openqa.selenium.remote.ProtocolHandshake createSession
INFO: Detected dialect: W3C
1679755297616	Marionette	WARN	Ignoring event 'pageshow' because document has an invalid readyState of 'interactive'.
JavaScript warning: https://cdn-jp.gsecondscreen.com/static/tac.min.js, line 3: unreachable code after return statement
1679755298960	Marionette	WARN	Ignoring event 'DOMContentLoaded' because document has an invalid readyState of 'complete'.
JavaScript error: resource://devtools/client/jsonview/Sniffer.sys.mjs, line 53: NS_ERROR_NOT_AVAILABLE: Component returned failure code: 0x80040111 (NS_ERROR_NOT_AVAILABLE) [nsIChannel.contentType]
JavaScript warning: https://accounts.simplilearn.com/user/login?redirect_url=https%3A%2F%2Flms.simplilearn.com%2F, line 748: unreachable code after return statement
1679755301920	Marionette	WARN	Ignoring event 'pageshow' because document has an invalid readyState of 'interactive'.
JavaScript error: https://cfaccounts.simplicdn.net/core/js/utility.1660046122.js, line 71: SyntaxError: JSON.parse: unexpected character at line 1 column 1 of the JSON data
console.warn: LoginRecipes: "Falling back to a synchronous message for: https://accounts.simplilearn.com."
console.warn: LoginRecipes: "Falling back to a synchronous message for: https://accounts.simplilearn.com."
JavaScript warning: https://accounts.simplilearn.com/user/login?redirect_url=https%3A%2F%2Flms.simplilearn.com%2F, line 748: unreachable code after return statement
[Parent 9056, IPC I/O Parent] WARNING: DuplicateHandle failed for handle 0 in TransferHandles: file /builds/worker/checkouts/gecko/ipc/chromium/src/chrome/common/ipc_channel_win.cc:777
1679755306885	Marionette	WARN	Ignoring event 'pageshow' because document has an invalid readyState of 'interactive'.
JavaScript error: https://cfaccounts.simplicdn.net/core/js/utility.1660046122.js, line 71: SyntaxError: JSON.parse: unexpected character at line 1 column 1 of the JSON data
]]></system-err>
  </testcase>
  <testcase name="paramTest[prasad@gmail.com, Test!2345](1)" classname="testcases.LoginTest" time="16.151">
    <system-err><![CDATA[1679755308361	Marionette	INFO	Stopped listening on port 53255
Dynamically enable window occlusion 1
1679755309351	geckodriver	INFO	Listening on 127.0.0.1:35994
1679755309365	mozrunner::runner	INFO	Running command: "C:\\Program Files\\Mozilla Firefox\\firefox.exe" "--marionette" "-no-remote" "-profile" "C:\\Users\\dell\\AppData\\Local\\Temp\\rust_mozprofile8B7agH"
console.warn: services.settings: Ignoring preference override of remote settings server
console.warn: services.settings: Allow by setting MOZ_REMOTE_SETTINGS_DEVTOOLS=1 in the environment
1679755309755	Marionette	INFO	Marionette enabled
Dynamically enable window occlusion 0
1679755309763	Marionette	INFO	Listening on port 53397
Read port: 53397
1679755310175	RemoteAgent	WARN	TLS certificate errors will be ignored for this session
console.warn: SearchSettings: "get: No settings file exists, new profile?" (new NotFoundError("Could not open the file at C:\\Users\\dell\\AppData\\Local\\Temp\\rust_mozprofile8B7agH\\search.json.mozlz4", (void 0)))
Mar 25, 2023 8:11:51 PM org.openqa.selenium.remote.ProtocolHandshake createSession
INFO: Detected dialect: W3C
1679755320497	Marionette	WARN	Ignoring event 'pageshow' because document has an invalid readyState of 'interactive'.
JavaScript warning: https://cdn-jp.gsecondscreen.com/static/tac.min.js, line 3: unreachable code after return statement
1679755321860	Marionette	WARN	Ignoring event 'DOMContentLoaded' because document has an invalid readyState of 'complete'.
JavaScript warning: https://accounts.simplilearn.com/user/login?redirect_url=https%3A%2F%2Flms.simplilearn.com%2F, line 748: unreachable code after return statement
1679755324801	Marionette	WARN	Ignoring event 'pageshow' because document has an invalid readyState of 'interactive'.
JavaScript error: https://cfaccounts.simplicdn.net/core/js/utility.1660046122.js, line 71: SyntaxError: JSON.parse: unexpected character at line 1 column 1 of the JSON data
console.warn: LoginRecipes: "Falling back to a synchronous message for: https://accounts.simplilearn.com."
console.warn: LoginRecipes: "Falling back to a synchronous message for: https://accounts.simplilearn.com."
JavaScript warning: https://accounts.simplilearn.com/user/login?redirect_url=https%3A%2F%2Flms.simplilearn.com%2F, line 748: unreachable code after return statement
1679755328905	Marionette	WARN	Ignoring event 'pageshow' because document has an invalid readyState of 'interactive'.
JavaScript error: https://cfaccounts.simplicdn.net/core/js/utility.1660046122.js, line 71: SyntaxError: JSON.parse: unexpected character at line 1 column 1 of the JSON data
]]></system-err>
  </testcase>
</testsuite>